--------------------------------------------------------------------------------
Release 14.7 Trace  (lin64)
Copyright (c) 1995-2013 Xilinx, Inc.  All rights reserved.

/opt/Xilinx/14.7/ISE_DS/ISE/bin/lin64/unwrapped/trce -intstyle ise -v 3 -s 3 -n
3 -fastpaths -xml file_register.twx file_register.ncd -o file_register.twr
file_register.pcf

Design file:              file_register.ncd
Physical constraint file: file_register.pcf
Device,package,speed:     xc7a100t,csg324,C,-3 (PRODUCTION 1.10 2013-10-13)
Report level:             verbose report

Environment Variable      Effect 
--------------------      ------ 
NONE                      No environment variables were set
--------------------------------------------------------------------------------

INFO:Timing:2698 - No timing constraints found, doing default enumeration.
INFO:Timing:3412 - To improve timing, see the Timing Closure User Guide (UG612).
INFO:Timing:2752 - To get complete path coverage, use the unconstrained paths 
   option. All paths that are not constrained will be reported in the 
   unconstrained paths section(s) of the report.
INFO:Timing:3339 - The clock-to-out numbers in this timing report are based on 
   a 50 Ohm transmission line loading model.  For the details of this model, 
   and for more information on accounting for different loading conditions, 
   please see the device datasheet.



Data Sheet report:
-----------------
All values displayed in nanoseconds (ns)

Setup/Hold to clock clk
------------------+------------+------------+------------+------------+------------------+--------+
                  |Max Setup to|  Process   |Max Hold to |  Process   |                  | Clock  |
Source            | clk (edge) |   Corner   | clk (edge) |   Corner   |Internal Clock(s) | Phase  |
------------------+------------+------------+------------+------------+------------------+--------+
dir               |    2.577(R)|      SLOW  |    0.998(R)|      SLOW  |clk_BUFGP         |   0.000|
read_register_1<0>|    3.450(R)|      SLOW  |    0.290(R)|      SLOW  |clk_BUFGP         |   0.000|
read_register_1<1>|    3.261(R)|      SLOW  |    0.465(R)|      SLOW  |clk_BUFGP         |   0.000|
read_register_1<2>|    3.073(R)|      SLOW  |    0.580(R)|      SLOW  |clk_BUFGP         |   0.000|
read_register_1<3>|    3.223(R)|      SLOW  |    0.609(R)|      SLOW  |clk_BUFGP         |   0.000|
shamt<0>          |    1.805(R)|      SLOW  |    1.304(R)|      SLOW  |clk_BUFGP         |   0.000|
shamt<1>          |    1.691(R)|      SLOW  |    1.349(R)|      SLOW  |clk_BUFGP         |   0.000|
shamt<2>          |    2.570(R)|      SLOW  |    1.300(R)|      SLOW  |clk_BUFGP         |   0.000|
shamt<3>          |    1.395(R)|      SLOW  |    1.416(R)|      SLOW  |clk_BUFGP         |   0.000|
she               |    1.561(R)|      SLOW  |    1.600(R)|      SLOW  |clk_BUFGP         |   0.000|
we                |    1.560(R)|      SLOW  |    1.277(R)|      SLOW  |clk_BUFGP         |   0.000|
write_data<0>     |    0.397(R)|      FAST  |    1.484(R)|      SLOW  |clk_BUFGP         |   0.000|
write_data<1>     |    0.525(R)|      FAST  |    1.264(R)|      SLOW  |clk_BUFGP         |   0.000|
write_data<2>     |    0.620(R)|      FAST  |    1.174(R)|      SLOW  |clk_BUFGP         |   0.000|
write_data<3>     |    0.351(R)|      FAST  |    1.490(R)|      SLOW  |clk_BUFGP         |   0.000|
write_data<4>     |    0.202(R)|      FAST  |    1.749(R)|      SLOW  |clk_BUFGP         |   0.000|
write_data<5>     |    0.244(R)|      FAST  |    1.645(R)|      SLOW  |clk_BUFGP         |   0.000|
write_data<6>     |    0.023(R)|      FAST  |    2.162(R)|      SLOW  |clk_BUFGP         |   0.000|
write_data<7>     |    0.334(R)|      FAST  |    1.600(R)|      SLOW  |clk_BUFGP         |   0.000|
write_data<8>     |    0.277(R)|      FAST  |    1.655(R)|      SLOW  |clk_BUFGP         |   0.000|
write_data<9>     |    0.292(R)|      FAST  |    1.656(R)|      SLOW  |clk_BUFGP         |   0.000|
write_data<10>    |    0.808(R)|      FAST  |    0.949(R)|      SLOW  |clk_BUFGP         |   0.000|
write_data<11>    |    0.691(R)|      FAST  |    1.007(R)|      SLOW  |clk_BUFGP         |   0.000|
write_data<12>    |    0.948(R)|      FAST  |    0.888(R)|      SLOW  |clk_BUFGP         |   0.000|
write_data<13>    |    0.891(R)|      FAST  |    0.854(R)|      SLOW  |clk_BUFGP         |   0.000|
write_data<14>    |    0.936(R)|      FAST  |    0.834(R)|      SLOW  |clk_BUFGP         |   0.000|
write_data<15>    |    1.191(R)|      FAST  |    0.614(R)|      SLOW  |clk_BUFGP         |   0.000|
write_register<0> |    0.684(R)|      FAST  |    1.792(R)|      SLOW  |clk_BUFGP         |   0.000|
write_register<1> |    0.782(R)|      FAST  |    1.750(R)|      SLOW  |clk_BUFGP         |   0.000|
write_register<2> |    0.718(R)|      FAST  |    1.810(R)|      SLOW  |clk_BUFGP         |   0.000|
write_register<3> |    0.739(R)|      FAST  |    1.818(R)|      SLOW  |clk_BUFGP         |   0.000|
------------------+------------+------------+------------+------------+------------------+--------+

Clock clk to Pad
---------------+-----------------+------------+-----------------+------------+------------------+--------+
               |Max (slowest) clk|  Process   |Min (fastest) clk|  Process   |                  | Clock  |
Destination    |  (edge) to PAD  |   Corner   |  (edge) to PAD  |   Corner   |Internal Clock(s) | Phase  |
---------------+-----------------+------------+-----------------+------------+------------------+--------+
read_data_1<0> |         9.593(R)|      SLOW  |         4.245(R)|      FAST  |clk_BUFGP         |   0.000|
read_data_1<1> |         9.417(R)|      SLOW  |         4.159(R)|      FAST  |clk_BUFGP         |   0.000|
read_data_1<2> |         8.989(R)|      SLOW  |         3.850(R)|      FAST  |clk_BUFGP         |   0.000|
read_data_1<3> |         8.813(R)|      SLOW  |         3.776(R)|      FAST  |clk_BUFGP         |   0.000|
read_data_1<4> |         8.927(R)|      SLOW  |         3.795(R)|      FAST  |clk_BUFGP         |   0.000|
read_data_1<5> |         8.800(R)|      SLOW  |         3.739(R)|      FAST  |clk_BUFGP         |   0.000|
read_data_1<6> |         9.426(R)|      SLOW  |         4.155(R)|      FAST  |clk_BUFGP         |   0.000|
read_data_1<7> |         8.784(R)|      SLOW  |         3.836(R)|      FAST  |clk_BUFGP         |   0.000|
read_data_1<8> |         9.538(R)|      SLOW  |         4.147(R)|      FAST  |clk_BUFGP         |   0.000|
read_data_1<9> |         9.383(R)|      SLOW  |         4.040(R)|      FAST  |clk_BUFGP         |   0.000|
read_data_1<10>|         8.863(R)|      SLOW  |         3.744(R)|      FAST  |clk_BUFGP         |   0.000|
read_data_1<11>|         8.824(R)|      SLOW  |         3.756(R)|      FAST  |clk_BUFGP         |   0.000|
read_data_1<12>|         8.661(R)|      SLOW  |         3.671(R)|      FAST  |clk_BUFGP         |   0.000|
read_data_1<13>|         9.049(R)|      SLOW  |         3.889(R)|      FAST  |clk_BUFGP         |   0.000|
read_data_1<14>|         8.705(R)|      SLOW  |         3.781(R)|      FAST  |clk_BUFGP         |   0.000|
read_data_1<15>|         8.844(R)|      SLOW  |         3.857(R)|      FAST  |clk_BUFGP         |   0.000|
read_data_2<0> |         9.753(R)|      SLOW  |         4.354(R)|      FAST  |clk_BUFGP         |   0.000|
read_data_2<1> |         9.371(R)|      SLOW  |         4.102(R)|      FAST  |clk_BUFGP         |   0.000|
read_data_2<2> |         9.700(R)|      SLOW  |         4.225(R)|      FAST  |clk_BUFGP         |   0.000|
read_data_2<3> |         9.816(R)|      SLOW  |         4.349(R)|      FAST  |clk_BUFGP         |   0.000|
read_data_2<4> |         9.605(R)|      SLOW  |         4.137(R)|      FAST  |clk_BUFGP         |   0.000|
read_data_2<5> |         9.501(R)|      SLOW  |         4.091(R)|      FAST  |clk_BUFGP         |   0.000|
read_data_2<6> |         9.869(R)|      SLOW  |         4.400(R)|      FAST  |clk_BUFGP         |   0.000|
read_data_2<7> |         9.572(R)|      SLOW  |         4.260(R)|      FAST  |clk_BUFGP         |   0.000|
read_data_2<8> |         9.983(R)|      SLOW  |         4.409(R)|      FAST  |clk_BUFGP         |   0.000|
read_data_2<9> |         8.808(R)|      SLOW  |         3.770(R)|      FAST  |clk_BUFGP         |   0.000|
read_data_2<10>|         9.176(R)|      SLOW  |         3.934(R)|      FAST  |clk_BUFGP         |   0.000|
read_data_2<11>|         8.760(R)|      SLOW  |         3.733(R)|      FAST  |clk_BUFGP         |   0.000|
read_data_2<12>|         9.818(R)|      SLOW  |         4.350(R)|      FAST  |clk_BUFGP         |   0.000|
read_data_2<13>|         9.398(R)|      SLOW  |         4.011(R)|      FAST  |clk_BUFGP         |   0.000|
read_data_2<14>|         8.921(R)|      SLOW  |         3.884(R)|      FAST  |clk_BUFGP         |   0.000|
read_data_2<15>|         9.090(R)|      SLOW  |         4.018(R)|      FAST  |clk_BUFGP         |   0.000|
---------------+-----------------+------------+-----------------+------------+------------------+--------+

Clock to Setup on destination clock clk
---------------+---------+---------+---------+---------+
               | Src:Rise| Src:Fall| Src:Rise| Src:Fall|
Source Clock   |Dest:Rise|Dest:Rise|Dest:Fall|Dest:Fall|
---------------+---------+---------+---------+---------+
clk            |    4.221|         |         |         |
---------------+---------+---------+---------+---------+

Pad to Pad
------------------+---------------+---------+
Source Pad        |Destination Pad|  Delay  |
------------------+---------------+---------+
read_register_1<0>|read_data_1<0> |    7.941|
read_register_1<0>|read_data_1<1> |    7.786|
read_register_1<0>|read_data_1<2> |    7.330|
read_register_1<0>|read_data_1<3> |    7.168|
read_register_1<0>|read_data_1<4> |    7.487|
read_register_1<0>|read_data_1<5> |    7.369|
read_register_1<0>|read_data_1<6> |    8.375|
read_register_1<0>|read_data_1<7> |    7.754|
read_register_1<0>|read_data_1<8> |    8.480|
read_register_1<0>|read_data_1<9> |    8.339|
read_register_1<0>|read_data_1<10>|    7.816|
read_register_1<0>|read_data_1<11>|    7.786|
read_register_1<0>|read_data_1<12>|    7.421|
read_register_1<0>|read_data_1<13>|    7.795|
read_register_1<0>|read_data_1<14>|    7.479|
read_register_1<0>|read_data_1<15>|    7.597|
read_register_1<1>|read_data_1<0> |    7.730|
read_register_1<1>|read_data_1<1> |    7.575|
read_register_1<1>|read_data_1<2> |    7.123|
read_register_1<1>|read_data_1<3> |    6.963|
read_register_1<1>|read_data_1<4> |    7.163|
read_register_1<1>|read_data_1<5> |    7.046|
read_register_1<1>|read_data_1<6> |    8.186|
read_register_1<1>|read_data_1<7> |    7.565|
read_register_1<1>|read_data_1<8> |    8.295|
read_register_1<1>|read_data_1<9> |    8.156|
read_register_1<1>|read_data_1<10>|    7.501|
read_register_1<1>|read_data_1<11>|    7.472|
read_register_1<1>|read_data_1<12>|    7.360|
read_register_1<1>|read_data_1<13>|    7.732|
read_register_1<1>|read_data_1<14>|    7.412|
read_register_1<1>|read_data_1<15>|    7.530|
read_register_1<2>|read_data_1<0> |    7.590|
read_register_1<2>|read_data_1<1> |    7.422|
read_register_1<2>|read_data_1<2> |    6.990|
read_register_1<2>|read_data_1<3> |    6.815|
read_register_1<2>|read_data_1<4> |    6.944|
read_register_1<2>|read_data_1<5> |    6.812|
read_register_1<2>|read_data_1<6> |    8.011|
read_register_1<2>|read_data_1<7> |    7.377|
read_register_1<2>|read_data_1<8> |    8.127|
read_register_1<2>|read_data_1<9> |    7.973|
read_register_1<2>|read_data_1<10>|    7.424|
read_register_1<2>|read_data_1<11>|    7.380|
read_register_1<2>|read_data_1<12>|    7.139|
read_register_1<2>|read_data_1<13>|    7.526|
read_register_1<2>|read_data_1<14>|    7.186|
read_register_1<2>|read_data_1<15>|    7.317|
read_register_1<3>|read_data_1<0> |    7.550|
read_register_1<3>|read_data_1<1> |    7.383|
read_register_1<3>|read_data_1<2> |    6.945|
read_register_1<3>|read_data_1<3> |    6.770|
read_register_1<3>|read_data_1<4> |    6.880|
read_register_1<3>|read_data_1<5> |    6.749|
read_register_1<3>|read_data_1<6> |    8.160|
read_register_1<3>|read_data_1<7> |    7.527|
read_register_1<3>|read_data_1<8> |    8.271|
read_register_1<3>|read_data_1<9> |    8.117|
read_register_1<3>|read_data_1<10>|    7.604|
read_register_1<3>|read_data_1<11>|    7.561|
read_register_1<3>|read_data_1<12>|    7.086|
read_register_1<3>|read_data_1<13>|    7.473|
read_register_1<3>|read_data_1<14>|    7.139|
read_register_1<3>|read_data_1<15>|    7.269|
read_register_2<0>|read_data_2<0> |    8.301|
read_register_2<0>|read_data_2<1> |    7.940|
read_register_2<0>|read_data_2<2> |    8.241|
read_register_2<0>|read_data_2<3> |    8.371|
read_register_2<0>|read_data_2<4> |    7.926|
read_register_2<0>|read_data_2<5> |    7.831|
read_register_2<0>|read_data_2<6> |    8.510|
read_register_2<0>|read_data_2<7> |    8.234|
read_register_2<0>|read_data_2<8> |    8.617|
read_register_2<0>|read_data_2<9> |    7.456|
read_register_2<0>|read_data_2<10>|    7.820|
read_register_2<0>|read_data_2<11>|    7.413|
read_register_2<0>|read_data_2<12>|    8.383|
read_register_2<0>|read_data_2<13>|    7.949|
read_register_2<0>|read_data_2<14>|    7.500|
read_register_2<0>|read_data_2<15>|    7.648|
read_register_2<1>|read_data_2<0> |    8.141|
read_register_2<1>|read_data_2<1> |    7.780|
read_register_2<1>|read_data_2<2> |    8.085|
read_register_2<1>|read_data_2<3> |    8.217|
read_register_2<1>|read_data_2<4> |    8.079|
read_register_2<1>|read_data_2<5> |    7.985|
read_register_2<1>|read_data_2<6> |    8.566|
read_register_2<1>|read_data_2<7> |    8.290|
read_register_2<1>|read_data_2<8> |    8.677|
read_register_2<1>|read_data_2<9> |    7.518|
read_register_2<1>|read_data_2<10>|    7.988|
read_register_2<1>|read_data_2<11>|    7.582|
read_register_2<1>|read_data_2<12>|    8.646|
read_register_2<1>|read_data_2<13>|    8.210|
read_register_2<1>|read_data_2<14>|    7.757|
read_register_2<1>|read_data_2<15>|    7.905|
read_register_2<2>|read_data_2<0> |    7.969|
read_register_2<2>|read_data_2<1> |    7.595|
read_register_2<2>|read_data_2<2> |    7.920|
read_register_2<2>|read_data_2<3> |    8.037|
read_register_2<2>|read_data_2<4> |    7.928|
read_register_2<2>|read_data_2<5> |    7.819|
read_register_2<2>|read_data_2<6> |    8.198|
read_register_2<2>|read_data_2<7> |    7.909|
read_register_2<2>|read_data_2<8> |    8.316|
read_register_2<2>|read_data_2<9> |    7.142|
read_register_2<2>|read_data_2<10>|    7.533|
read_register_2<2>|read_data_2<11>|    7.112|
read_register_2<2>|read_data_2<12>|    8.050|
read_register_2<2>|read_data_2<13>|    7.629|
read_register_2<2>|read_data_2<14>|    7.156|
read_register_2<2>|read_data_2<15>|    7.317|
read_register_2<3>|read_data_2<0> |    7.961|
read_register_2<3>|read_data_2<1> |    7.588|
read_register_2<3>|read_data_2<2> |    7.907|
read_register_2<3>|read_data_2<3> |    8.024|
read_register_2<3>|read_data_2<4> |    7.820|
read_register_2<3>|read_data_2<5> |    7.712|
read_register_2<3>|read_data_2<6> |    8.401|
read_register_2<3>|read_data_2<7> |    8.113|
read_register_2<3>|read_data_2<8> |    8.514|
read_register_2<3>|read_data_2<9> |    7.340|
read_register_2<3>|read_data_2<10>|    7.847|
read_register_2<3>|read_data_2<11>|    7.427|
read_register_2<3>|read_data_2<12>|    8.248|
read_register_2<3>|read_data_2<13>|    7.827|
read_register_2<3>|read_data_2<14>|    7.360|
read_register_2<3>|read_data_2<15>|    7.520|
------------------+---------------+---------+


Analysis completed Mon Nov 19 00:33:35 2018 
--------------------------------------------------------------------------------

Trace Settings:
-------------------------
Trace Settings 

Peak Memory Usage: 765 MB



