Release 14.7 - xst P.20131013 (lin64)
Copyright (c) 1995-2013 Xilinx, Inc.  All rights reserved.
--> 
Parameter TMPDIR set to xst/projnav.tmp


Total REAL time to Xst completion: 1.00 secs
Total CPU time to Xst completion: 0.07 secs
 
--> 
Parameter xsthdpdir set to xst


Total REAL time to Xst completion: 1.00 secs
Total CPU time to Xst completion: 0.08 secs
 
--> 
Reading design: file_register.prj

TABLE OF CONTENTS
  1) Synthesis Options Summary
  2) HDL Parsing
  3) HDL Elaboration
  4) HDL Synthesis
       4.1) HDL Synthesis Report
  5) Advanced HDL Synthesis
       5.1) Advanced HDL Synthesis Report
  6) Low Level Synthesis
  7) Partition Report
  8) Design Summary
       8.1) Primitive and Black Box Usage
       8.2) Device utilization summary
       8.3) Partition Resource Summary
       8.4) Timing Report
            8.4.1) Clock Information
            8.4.2) Asynchronous Control Signals Information
            8.4.3) Timing Summary
            8.4.4) Timing Details
            8.4.5) Cross Clock Domains Report


=========================================================================
*                      Synthesis Options Summary                        *
=========================================================================
---- Source Parameters
Input File Name                    : "file_register.prj"
Ignore Synthesis Constraint File   : NO

---- Target Parameters
Output File Name                   : "file_register"
Output Format                      : NGC
Target Device                      : xc7a100t-3-csg324

---- Source Options
Top Module Name                    : file_register
Automatic FSM Extraction           : YES
FSM Encoding Algorithm             : Auto
Safe Implementation                : No
FSM Style                          : LUT
RAM Extraction                     : Yes
RAM Style                          : Auto
ROM Extraction                     : Yes
Shift Register Extraction          : YES
ROM Style                          : Auto
Resource Sharing                   : YES
Asynchronous To Synchronous        : NO
Shift Register Minimum Size        : 2
Use DSP Block                      : Auto
Automatic Register Balancing       : No

---- Target Options
LUT Combining                      : Auto
Reduce Control Sets                : Auto
Add IO Buffers                     : YES
Global Maximum Fanout              : 100000
Add Generic Clock Buffer(BUFG)     : 32
Register Duplication               : YES
Optimize Instantiated Primitives   : NO
Use Clock Enable                   : Auto
Use Synchronous Set                : Auto
Use Synchronous Reset              : Auto
Pack IO Registers into IOBs        : Auto
Equivalent register Removal        : YES

---- General Options
Optimization Goal                  : Speed
Optimization Effort                : 1
Power Reduction                    : NO
Keep Hierarchy                     : No
Netlist Hierarchy                  : As_Optimized
RTL Output                         : Yes
Global Optimization                : AllClockNets
Read Cores                         : YES
Write Timing Constraints           : NO
Cross Clock Analysis               : NO
Hierarchy Separator                : /
Bus Delimiter                      : <>
Case Specifier                     : Maintain
Slice Utilization Ratio            : 100
BRAM Utilization Ratio             : 100
DSP48 Utilization Ratio            : 100
Auto BRAM Packing                  : NO
Slice Utilization Ratio Delta      : 5

=========================================================================


=========================================================================
*                          HDL Parsing                                  *
=========================================================================
Parsing VHDL file "/home/angelos/Documents/git/computerArchitecture/file_register_2/src/file_register.vhd" into library work
Parsing entity <file_register>.
Parsing architecture <arch> of entity <file_register>.

=========================================================================
*                            HDL Elaboration                            *
=========================================================================

Elaborating entity <file_register> (architecture <arch>) with generics from library <work>.

=========================================================================
*                           HDL Synthesis                               *
=========================================================================

Synthesizing Unit <file_register>.
    Related source file is "/home/angelos/Documents/git/computerArchitecture/file_register_2/src/file_register.vhd".
        nbits = 16
        naddr = 4
    Found 16-bit shifter logical left for signal <BUS_0018_shamt[3]_shift_left_2_OUT> created at line 39
    Found 16-bit shifter logical right for signal <BUS_0051_shamt[3]_shift_right_5_OUT> created at line 42
    Found 16x16-bit dual-port RAM <Mram_buff> for signal <buff>.
    Summary:
	inferred   2 RAM(s).
	inferred   5 Multiplexer(s).
	inferred   2 Combinational logic shifter(s).
Unit <file_register> synthesized.

=========================================================================
HDL Synthesis Report

Macro Statistics
# RAMs                                                 : 2
 16x16-bit dual-port RAM                               : 2
# Multiplexers                                         : 5
 1-bit 2-to-1 multiplexer                              : 2
 16-bit 2-to-1 multiplexer                             : 3
# Logic shifters                                       : 2
 16-bit shifter logical left                           : 1
 16-bit shifter logical right                          : 1

=========================================================================

=========================================================================
*                       Advanced HDL Synthesis                          *
=========================================================================


Synthesizing (advanced) Unit <file_register>.
INFO:Xst:3218 - HDL ADVISOR - The RAM <Mram_buff> will be implemented on LUTs either because you have described an asynchronous read or because of currently unsupported block RAM features. If you have described an asynchronous read, making it synchronous would allow you to take advantage of available block RAM resources, for optimized device usage and improved timings. Please refer to your documentation for coding guidelines.
    -----------------------------------------------------------------------
    | ram_type           | Distributed                         |          |
    -----------------------------------------------------------------------
    | Port A                                                              |
    |     aspect ratio   | 16-word x 16-bit                    |          |
    |     clkA           | connected to signal <clk>           | rise     |
    |     weA            | connected to internal node          | high     |
    |     addrA          | connected to signal <write_register> |          |
    |     diA            | connected to signal <_n0030>        |          |
    -----------------------------------------------------------------------
    | Port B                                                              |
    |     aspect ratio   | 16-word x 16-bit                    |          |
    |     addrB          | connected to signal <read_register_1> |          |
    |     doB            | connected to internal node          |          |
    -----------------------------------------------------------------------
INFO:Xst:3218 - HDL ADVISOR - The RAM <Mram_buff1> will be implemented on LUTs either because you have described an asynchronous read or because of currently unsupported block RAM features. If you have described an asynchronous read, making it synchronous would allow you to take advantage of available block RAM resources, for optimized device usage and improved timings. Please refer to your documentation for coding guidelines.
    -----------------------------------------------------------------------
    | ram_type           | Distributed                         |          |
    -----------------------------------------------------------------------
    | Port A                                                              |
    |     aspect ratio   | 16-word x 16-bit                    |          |
    |     clkA           | connected to signal <clk>           | rise     |
    |     weA            | connected to internal node          | high     |
    |     addrA          | connected to signal <write_register> |          |
    |     diA            | connected to signal <_n0030>        |          |
    -----------------------------------------------------------------------
    | Port B                                                              |
    |     aspect ratio   | 16-word x 16-bit                    |          |
    |     addrB          | connected to signal <read_register_2> |          |
    |     doB            | connected to signal <read_data_2>   |          |
    -----------------------------------------------------------------------
Unit <file_register> synthesized (advanced).

=========================================================================
Advanced HDL Synthesis Report

Macro Statistics
# RAMs                                                 : 2
 16x16-bit dual-port distributed RAM                   : 2
# Multiplexers                                         : 5
 1-bit 2-to-1 multiplexer                              : 2
 16-bit 2-to-1 multiplexer                             : 3
# Logic shifters                                       : 2
 16-bit shifter logical left                           : 1
 16-bit shifter logical right                          : 1

=========================================================================

=========================================================================
*                         Low Level Synthesis                           *
=========================================================================

Optimizing unit <file_register> ...

Mapping all equations...
Building and optimizing final netlist ...
Found area constraint ratio of 100 (+ 5) on block file_register, actual ratio is 0.

Final Macro Processing ...

=========================================================================
Final Register Report

Found no macro
=========================================================================

=========================================================================
*                           Partition Report                            *
=========================================================================

Partition Implementation Status
-------------------------------

  No Partitions were found in this design.

-------------------------------

=========================================================================
*                            Design Summary                             *
=========================================================================

Top Level Output File Name         : file_register.ngc

Primitive and Black Box Usage:
------------------------------
# BELS                             : 114
#      GND                         : 1
#      LUT2                        : 15
#      LUT3                        : 18
#      LUT4                        : 11
#      LUT5                        : 9
#      LUT6                        : 58
#      MUXF7                       : 2
# RAMS                             : 12
#      RAM32M                      : 4
#      RAM32X1D                    : 8
# Clock Buffers                    : 1
#      BUFGP                       : 1
# IO Buffers                       : 67
#      IBUF                        : 35
#      OBUF                        : 32

Device utilization summary:
---------------------------

Selected Device : 7a100tcsg324-3 


Slice Logic Utilization: 
 Number of Slice LUTs:                  143  out of  63400     0%  
    Number used as Logic:               111  out of  63400     0%  
    Number used as Memory:               32  out of  19000     0%  
       Number used as RAM:               32

Slice Logic Distribution: 
 Number of LUT Flip Flop pairs used:    143
   Number with an unused Flip Flop:     143  out of    143   100%  
   Number with an unused LUT:             0  out of    143     0%  
   Number of fully used LUT-FF pairs:     0  out of    143     0%  
   Number of unique control sets:         0

IO Utilization: 
 Number of IOs:                          68
 Number of bonded IOBs:                  68  out of    210    32%  

Specific Feature Utilization:
 Number of BUFG/BUFGCTRLs:                1  out of     32     3%  

---------------------------
Partition Resource Summary:
---------------------------

  No Partitions were found in this design.

---------------------------


=========================================================================
Timing Report

NOTE: THESE TIMING NUMBERS ARE ONLY A SYNTHESIS ESTIMATE.
      FOR ACCURATE TIMING INFORMATION PLEASE REFER TO THE TRACE REPORT
      GENERATED AFTER PLACE-and-ROUTE.

Clock Information:
------------------
-----------------------------------+------------------------+-------+
Clock Signal                       | Clock buffer(FF name)  | Load  |
-----------------------------------+------------------------+-------+
clk                                | BUFGP                  | 12    |
-----------------------------------+------------------------+-------+

Asynchronous Control Signals Information:
----------------------------------------
No asynchronous control signals found in this design

Timing Summary:
---------------
Speed Grade: -3

   Minimum period: 3.581ns (Maximum Frequency: 279.283MHz)
   Minimum input arrival time before clock: 2.871ns
   Maximum output required time after clock: 1.685ns
   Maximum combinational path delay: 0.946ns

Timing Details:
---------------
All values displayed in nanoseconds (ns)

=========================================================================
Timing constraint: Default period analysis for Clock 'clk'
  Clock period: 3.581ns (frequency: 279.283MHz)
  Total number of paths / destination ports: 546 / 32
-------------------------------------------------------------------------
Delay:               3.581ns (Levels of Logic = 3)
  Source:            Mram_buff3 (RAM)
  Destination:       Mram_buff3 (RAM)
  Source Clock:      clk rising
  Destination Clock: clk rising

  Data Path: Mram_buff3 to Mram_buff3
                                Gate     Net
    Cell:in->out      fanout   Delay   Delay  Logical Name (Net Name)
    ----------------------------------------  ------------
     RAM32M:WCLK->DOA1    11   1.345   0.603  Mram_buff3 (read_data_1_7_OBUF)
     LUT6:I2->O            1   0.097   0.511  Sh81 (Sh8)
     LUT6:I3->O            1   0.097   0.295  Mmux__n0030152 (Mmux__n0030151)
     LUT6:I5->O            2   0.097   0.283  Mmux__n0030153 (_n0030<8>)
     RAM32M:DIB0               0.252          Mram_buff3
    ----------------------------------------
    Total                      3.581ns (1.888ns logic, 1.693ns route)
                                       (52.7% logic, 47.3% route)

=========================================================================
Timing constraint: Default OFFSET IN BEFORE for Clock 'clk'
  Total number of paths / destination ports: 2988 / 124
-------------------------------------------------------------------------
Offset:              2.871ns (Levels of Logic = 5)
  Source:            read_register_1<0> (PAD)
  Destination:       Mram_buff11 (RAM)
  Destination Clock: clk rising

  Data Path: read_register_1<0> to Mram_buff11
                                Gate     Net
    Cell:in->out      fanout   Delay   Delay  Logical Name (Net Name)
    ----------------------------------------  ------------
     IBUF:I->O            10   0.001   0.321  read_register_1_0_IBUF (read_register_1_0_IBUF)
     RAM32X1D:DPRA0->DPO    9   0.097   0.593  Mram_buff42 (read_data_1_13_OBUF)
     LUT6:I2->O            4   0.097   0.525  Sh441 (Sh44)
     LUT6:I3->O            1   0.097   0.511  Mmux__n003073 (Mmux__n003072)
     LUT6:I3->O            2   0.097   0.283  Mmux__n003077 (_n0030<16>)
     RAM32M:DIA0               0.248          Mram_buff11
    ----------------------------------------
    Total                      2.871ns (0.637ns logic, 2.234ns route)
                                       (22.2% logic, 77.8% route)

=========================================================================
Timing constraint: Default OFFSET OUT AFTER for Clock 'clk'
  Total number of paths / destination ports: 32 / 32
-------------------------------------------------------------------------
Offset:              1.685ns (Levels of Logic = 1)
  Source:            Mram_buff2 (RAM)
  Destination:       read_data_1<5> (PAD)
  Source Clock:      clk rising

  Data Path: Mram_buff2 to read_data_1<5>
                                Gate     Net
    Cell:in->out      fanout   Delay   Delay  Logical Name (Net Name)
    ----------------------------------------  ------------
     RAM32M:WCLK->DOC1     9   1.369   0.316  Mram_buff2 (read_data_1_5_OBUF)
     OBUF:I->O                 0.000          read_data_1_5_OBUF (read_data_1<5>)
    ----------------------------------------
    Total                      1.685ns (1.369ns logic, 0.316ns route)
                                       (81.2% logic, 18.8% route)

=========================================================================
Timing constraint: Default path analysis
  Total number of paths / destination ports: 128 / 32
-------------------------------------------------------------------------
Delay:               0.946ns (Levels of Logic = 3)
  Source:            read_register_1<3> (PAD)
  Destination:       read_data_1<7> (PAD)

  Data Path: read_register_1<3> to read_data_1<7>
                                Gate     Net
    Cell:in->out      fanout   Delay   Delay  Logical Name (Net Name)
    ----------------------------------------  ------------
     IBUF:I->O            10   0.001   0.321  read_register_1_3_IBUF (read_register_1_3_IBUF)
     RAM32M:ADDRA3->DOA0   11   0.299   0.326  Mram_buff2 (read_data_1_0_OBUF)
     OBUF:I->O                 0.000          read_data_1_0_OBUF (read_data_1<0>)
    ----------------------------------------
    Total                      0.946ns (0.300ns logic, 0.646ns route)
                                       (31.7% logic, 68.3% route)

=========================================================================

Cross Clock Domains Report:
--------------------------

Clock to Setup on destination clock clk
---------------+---------+---------+---------+---------+
               | Src:Rise| Src:Fall| Src:Rise| Src:Fall|
Source Clock   |Dest:Rise|Dest:Rise|Dest:Fall|Dest:Fall|
---------------+---------+---------+---------+---------+
clk            |    3.581|         |         |         |
---------------+---------+---------+---------+---------+

=========================================================================


Total REAL time to Xst completion: 12.00 secs
Total CPU time to Xst completion: 8.92 secs
 
--> 


Total memory usage is 503344 kilobytes

Number of errors   :    0 (   0 filtered)
Number of warnings :    0 (   0 filtered)
Number of infos    :    2 (   0 filtered)

